{
  "stats": {
    "suites": 1,
    "tests": 4,
    "passes": 4,
    "pending": 0,
    "failures": 0,
    "start": "2025-08-22T09:32:47.943Z",
    "end": "2025-08-22T09:32:51.534Z",
    "duration": 3591,
    "testsRegistered": 4,
    "passPercent": 100,
    "pendingPercent": 0,
    "other": 0,
    "hasOther": false,
    "skipped": 0,
    "hasSkipped": false
  },
  "results": [
    {
      "uuid": "72cd1a35-8de1-46c6-8191-dc64fee57e0b",
      "title": "",
      "fullFile": "cypress\\e2e\\sum.cy.js",
      "file": "cypress\\e2e\\sum.cy.js",
      "beforeHooks": [],
      "afterHooks": [],
      "tests": [],
      "suites": [
        {
          "uuid": "bf1fb611-fa16-4313-ae57-52106abb293f",
          "title": "加總前端 E2E",
          "fullFile": "",
          "file": "",
          "beforeHooks": [],
          "afterHooks": [],
          "tests": [
            {
              "title": "Test1_成功加總 2 + 3 = 5",
              "fullTitle": "加總前端 E2E Test1_成功加總 2 + 3 = 5",
              "timedOut": null,
              "duration": 834,
              "state": "passed",
              "speed": "fast",
              "pass": true,
              "fail": false,
              "pending": false,
              "context": null,
              "code": "cy.visit(\"http://localhost:5173\");\ncy.get('[data-cy=\"a\"]').type(\"2\");\ncy.get('[data-cy=\"b\"]').type(\"3\");\ncy.contains(\"計算\").click();\ncy.contains(\"結果：5\").should(\"be.visible\");",
              "err": {},
              "uuid": "1a6c2ad4-1b2b-4819-b3bc-b04dd8b09a74",
              "parentUUID": "bf1fb611-fa16-4313-ae57-52106abb293f",
              "isHook": false,
              "skipped": false
            },
            {
              "title": "Test2_成功加總 2.2 + 3.2 = 5.4",
              "fullTitle": "加總前端 E2E Test2_成功加總 2.2 + 3.2 = 5.4",
              "timedOut": null,
              "duration": 471,
              "state": "passed",
              "speed": "fast",
              "pass": true,
              "fail": false,
              "pending": false,
              "context": null,
              "code": "cy.visit(\"http://localhost:5173\");\ncy.get(\"#a\").type(\"2.2\");\ncy.get(\"#b\").type(\"3.2\");\ncy.contains(\"計算\").click();\ncy.contains(\"結果：5.4\").should(\"be.visible\");",
              "err": {},
              "uuid": "e1884dd1-d3d3-400f-bce4-db67b5590ef0",
              "parentUUID": "bf1fb611-fa16-4313-ae57-52106abb293f",
              "isHook": false,
              "skipped": false
            },
            {
              "title": "Test3_成功加總 2.2 + 3.2 = 5.4",
              "fullTitle": "加總前端 E2E Test3_成功加總 2.2 + 3.2 = 5.4",
              "timedOut": null,
              "duration": 478,
              "state": "passed",
              "speed": "fast",
              "pass": true,
              "fail": false,
              "pending": false,
              "context": null,
              "code": "cy.visit(\"http://localhost:5173\");\ncy.xpath('//*[@id=\"a\"]').type(\"2.2\");\ncy.xpath('//*[@id=\"b\"]').type(\"3.2\");\ncy.contains(\"計算\").click();\ncy.contains(\"結果：5.4\").should(\"be.visible\");",
              "err": {},
              "uuid": "f2e50660-30d9-4eca-905b-0a1785d60adc",
              "parentUUID": "bf1fb611-fa16-4313-ae57-52106abb293f",
              "isHook": false,
              "skipped": false
            },
            {
              "title": "Test4_輸入無效字元要提示錯誤",
              "fullTitle": "加總前端 E2E Test4_輸入無效字元要提示錯誤",
              "timedOut": null,
              "duration": 463,
              "state": "passed",
              "speed": "fast",
              "pass": true,
              "fail": false,
              "pending": false,
              "context": null,
              "code": "cy.visit(\"http://localhost:5173\");\ncy.get('[data-cy=\"a\"]').type(\"abc\");\ncy.get('[data-cy=\"b\"]').type(\"3\");\ncy.contains(\"計算\").click();\ncy.contains(\"請輸入有效的數字\").should(\"be.visible\");",
              "err": {},
              "uuid": "459f3f40-eeb9-4cdc-ad03-047ceacf48b4",
              "parentUUID": "bf1fb611-fa16-4313-ae57-52106abb293f",
              "isHook": false,
              "skipped": false
            }
          ],
          "suites": [],
          "passes": [
            "1a6c2ad4-1b2b-4819-b3bc-b04dd8b09a74",
            "e1884dd1-d3d3-400f-bce4-db67b5590ef0",
            "f2e50660-30d9-4eca-905b-0a1785d60adc",
            "459f3f40-eeb9-4cdc-ad03-047ceacf48b4"
          ],
          "failures": [],
          "pending": [],
          "skipped": [],
          "duration": 2246,
          "root": false,
          "rootEmpty": false,
          "_timeout": 2000
        }
      ],
      "passes": [],
      "failures": [],
      "pending": [],
      "skipped": [],
      "duration": 0,
      "root": true,
      "rootEmpty": true,
      "_timeout": 2000
    }
  ],
  "meta": {
    "mocha": {
      "version": "7.0.1"
    },
    "mochawesome": {
      "options": {
        "quiet": false,
        "reportFilename": "mochawesome",
        "saveHtml": true,
        "saveJson": true,
        "consoleReporter": "spec",
        "useInlineDiffs": false,
        "code": true
      },
      "version": "7.1.3"
    },
    "marge": {
      "options": {
        "reportDir": "cypress/reports/mochawesome",
        "overwrite": true,
        "html": true,
        "json": true
      },
      "version": "6.2.0"
    }
  }
}